# JRE version: OpenJDK Runtime Environment (8.0_152-b12) (build 1.8.0_152-release-1056-b12)
# Java VM: OpenJDK 64-Bit Server VM (25.152-b12 mixed mode bsd-amd64 compressed oops)
Heap:
 PSYoungGen      total 312320K, used 139025K [0x00000007aab00000, 0x00000007c0000000, 0x00000007c0000000)
  eden space 301056K, 46% used [0x00000007aab00000,0x00000007b32c4560,0x00000007bd100000)
  from space 11264K, 0% used [0x00000007bf500000,0x00000007bf500000,0x00000007c0000000)
  to   space 24064K, 0% used [0x00000007bd100000,0x00000007bd100000,0x00000007be880000)
 ParOldGen       total 163328K, used 93416K [0x0000000780000000, 0x0000000789f80000, 0x00000007aab00000)
  object space 163328K, 57% used [0x0000000780000000,0x0000000785b3a098,0x0000000789f80000)
 Metaspace       used 13586K, capacity 14280K, committed 14464K, reserved 1060864K
  class space    used 1987K, capacity 2150K, committed 2176K, reserved 1048576K
GC Heap History (10 events):
Event: 28.579 GC heap before
{Heap before GC invocations=81 (full 25):
 PSYoungGen      total 339456K, used 339392K [0x00000007aab00000, 0x00000007c0000000, 0x00000007c0000000)
  eden space 331776K, 100% used [0x00000007aab00000,0x00000007bef00000,0x00000007bef00000)
  from space 7680K, 99% used [0x00000007bef00000,0x00000007bf670000,0x00000007bf680000)
  to   space 9728K, 0% used [0x00000007bf680000,0x00000007bf680000,0x00000007c0000000)
 ParOldGen       total 81408K, used 72147K [0x0000000780000000, 0x0000000784f80000, 0x00000007aab00000)
  object space 81408K, 88% used [0x0000000780000000,0x0000000784674f28,0x0000000784f80000)
 Metaspace       used 13204K, capacity 13850K, committed 13952K, reserved 1060864K
  class space    used 1929K, capacity 2103K, committed 2176K, reserved 1048576K
Event: 28.604 GC heap after
Heap after GC invocations=81 (full 25):
 PSYoungGen      total 336384K, used 8704K [0x00000007aab00000, 0x00000007c0000000, 0x00000007c0000000)
  eden space 326656K, 0% used [0x00000007aab00000,0x00000007aab00000,0x00000007bea00000)
  from space 9728K, 89% used [0x00000007bf680000,0x00000007bff00000,0x00000007c0000000)
  to   space 11264K, 0% used [0x00000007bea00000,0x00000007bea00000,0x00000007bf500000)
 ParOldGen       total 81408K, used 72147K [0x0000000780000000, 0x0000000784f80000, 0x00000007aab00000)
  object space 81408K, 88% used [0x0000000780000000,0x0000000784674f28,0x0000000784f80000)
 Metaspace       used 13204K, capacity 13850K, committed 13952K, reserved 1060864K
  class space    used 1929K, capacity 2103K, committed 2176K, reserved 1048576K
}
Event: 29.670 GC heap before
{Heap before GC invocations=82 (full 25):
 PSYoungGen      total 336384K, used 335360K [0x00000007aab00000, 0x00000007c0000000, 0x00000007c0000000)
  eden space 326656K, 100% used [0x00000007aab00000,0x00000007bea00000,0x00000007bea00000)
  from space 9728K, 89% used [0x00000007bf680000,0x00000007bff00000,0x00000007c0000000)
  to   space 11264K, 0% used [0x00000007bea00000,0x00000007bea00000,0x00000007bf500000)
 ParOldGen       total 81408K, used 72147K [0x0000000780000000, 0x0000000784f80000, 0x00000007aab00000)
  object space 81408K, 88% used [0x0000000780000000,0x0000000784674f28,0x0000000784f80000)
 Metaspace       used 13333K, capacity 13994K, committed 14208K, reserved 1060864K
  class space    used 1967K, capacity 2145K, committed 2176K, reserved 1048576K
Event: 29.763 GC heap after
Heap after GC invocations=82 (full 25):
 PSYoungGen      total 337920K, used 11258K [0x00000007aab00000, 0x00000007c0000000, 0x00000007c0000000)
  eden space 326656K, 0% used [0x00000007aab00000,0x00000007aab00000,0x00000007bea00000)
  from space 11264K, 99% used [0x00000007bea00000,0x00000007bf4fea90,0x00000007bf500000)
  to   space 11264K, 0% used [0x00000007bf500000,0x00000007bf500000,0x00000007c0000000)
 ParOldGen       total 103424K, used 103183K [0x0000000780000000, 0x0000000786500000, 0x00000007aab00000)
  object space 103424K, 99% used [0x0000000780000000,0x00000007864c3fb8,0x0000000786500000)
 Metaspace       used 13333K, capacity 13994K, committed 14208K, reserved 1060864K
  class space    used 1967K, capacity 2145K, committed 2176K, reserved 1048576K
}
Event: 29.763 GC heap before
{Heap before GC invocations=83 (full 26):
 PSYoungGen      total 337920K, used 11258K [0x00000007aab00000, 0x00000007c0000000, 0x00000007c0000000)
  eden space 326656K, 0% used [0x00000007aab00000,0x00000007aab00000,0x00000007bea00000)
  from space 11264K, 99% used [0x00000007bea00000,0x00000007bf4fea90,0x00000007bf500000)
  to   space 11264K, 0% used [0x00000007bf500000,0x00000007bf500000,0x00000007c0000000)
 ParOldGen       total 103424K, used 103183K [0x0000000780000000, 0x0000000786500000, 0x00000007aab00000)
  object space 103424K, 99% used [0x0000000780000000,0x00000007864c3fb8,0x0000000786500000)
 Metaspace       used 13333K, capacity 13994K, committed 14208K, reserved 1060864K
  class space    used 1967K, capacity 2145K, committed 2176K, reserved 1048576K
Event: 30.411 GC heap after
Heap after GC invocations=83 (full 26):
 PSYoungGen      total 337920K, used 0K [0x00000007aab00000, 0x00000007c0000000, 0x00000007c0000000)
  eden space 326656K, 0% used [0x00000007aab00000,0x00000007aab00000,0x00000007bea00000)
  from space 11264K, 0% used [0x00000007bea00000,0x00000007bea00000,0x00000007bf500000)
  to   space 11264K, 0% used [0x00000007bf500000,0x00000007bf500000,0x00000007c0000000)
 ParOldGen       total 163328K, used 92129K [0x0000000780000000, 0x0000000789f80000, 0x00000007aab00000)
  object space 163328K, 56% used [0x0000000780000000,0x00000007859f8518,0x0000000789f80000)
 Metaspace       used 13333K, capacity 13994K, committed 14208K, reserved 1060864K
  class space    used 1967K, capacity 2145K, committed 2176K, reserved 1048576K
}
Event: 30.429 GC heap before
{Heap before GC invocations=84 (full 26):
 PSYoungGen      total 337920K, used 13068K [0x00000007aab00000, 0x00000007c0000000, 0x00000007c0000000)
  eden space 326656K, 4% used [0x00000007aab00000,0x00000007ab7c30f0,0x00000007bea00000)
  from space 11264K, 0% used [0x00000007bea00000,0x00000007bea00000,0x00000007bf500000)
  to   space 11264K, 0% used [0x00000007bf500000,0x00000007bf500000,0x00000007c0000000)
 ParOldGen       total 163328K, used 92129K [0x0000000780000000, 0x0000000789f80000, 0x00000007aab00000)
  object space 163328K, 56% used [0x0000000780000000,0x00000007859f8518,0x0000000789f80000)
 Metaspace       used 13333K, capacity 13994K, committed 14208K, reserved 1060864K
  class space    used 1967K, capacity 2145K, committed 2176K, reserved 1048576K
Event: 30.433 GC heap after
Heap after GC invocations=84 (full 26):
 PSYoungGen      total 312320K, used 1824K [0x00000007aab00000, 0x00000007c0000000, 0x00000007c0000000)
  eden space 301056K, 0% used [0x00000007aab00000,0x00000007aab00000,0x00000007bd100000)
  from space 11264K, 16% used [0x00000007bf500000,0x00000007bf6c8000,0x00000007c0000000)
  to   space 24064K, 0% used [0x00000007bd100000,0x00000007bd100000,0x00000007be880000)
 ParOldGen       total 163328K, used 92129K [0x0000000780000000, 0x0000000789f80000, 0x00000007aab00000)
  object space 163328K, 56% used [0x0000000780000000,0x00000007859f8518,0x0000000789f80000)
 Metaspace       used 13333K, capacity 13994K, committed 14208K, reserved 1060864K
  class space    used 1967K, capacity 2145K, committed 2176K, reserved 1048576K
}
Event: 30.433 GC heap before
{Heap before GC invocations=85 (full 27):
 PSYoungGen      total 312320K, used 1824K [0x00000007aab00000, 0x00000007c0000000, 0x00000007c0000000)
  eden space 301056K, 0% used [0x00000007aab00000,0x00000007aab00000,0x00000007bd100000)
  from space 11264K, 16% used [0x00000007bf500000,0x00000007bf6c8000,0x00000007c0000000)
  to   space 24064K, 0% used [0x00000007bd100000,0x00000007bd100000,0x00000007be880000)
 ParOldGen       total 163328K, used 92129K [0x0000000780000000, 0x0000000789f80000, 0x00000007aab00000)
  object space 163328K, 56% used [0x0000000780000000,0x00000007859f8518,0x0000000789f80000)
 Metaspace       used 13333K, capacity 13994K, committed 14208K, reserved 1060864K
  class space    used 1967K, capacity 2145K, committed 2176K, reserved 1048576K
Event: 31.008 GC heap after
Heap after GC invocations=85 (full 27):
 PSYoungGen      total 312320K, used 0K [0x00000007aab00000, 0x00000007c0000000, 0x00000007c0000000)
  eden space 301056K, 0% used [0x00000007aab00000,0x00000007aab00000,0x00000007bd100000)
  from space 11264K, 0% used [0x00000007bf500000,0x00000007bf500000,0x00000007c0000000)
  to   space 24064K, 0% used [0x00000007bd100000,0x00000007bd100000,0x00000007be880000)
 ParOldGen       total 163328K, used 93416K [0x0000000780000000, 0x0000000789f80000, 0x00000007aab00000)
  object space 163328K, 57% used [0x0000000780000000,0x0000000785b3a098,0x0000000789f80000)
 Metaspace       used 13333K, capacity 13994K, committed 14208K, reserved 1060864K
  class space    used 1967K, capacity 2145K, committed 2176K, reserved 1048576K
}

